<?xml version="1.0" encoding="UTF-8"?>
<testsuite xmlns:xsi="http://www.w3.org/2001/XMLSchema-instance" xsi:noNamespaceSchemaLocation="https://maven.apache.org/surefire/maven-surefire-plugin/xsd/surefire-test-report.xsd" name="cloud.csonic.labmaven.api.CustomerControllerTest" time="2.744" tests="2" errors="0" skipped="0" failures="0">
  <properties>
    <property name="java.specification.version" value="15"/>
    <property name="sun.jnu.encoding" value="UTF-8"/>
    <property name="java.class.path" value="/Users/manuelzegarra/Proyectos/Galaxy/Talleres/Labs/labmaven/target/test-classes:/Users/manuelzegarra/Proyectos/Galaxy/Talleres/Labs/labmaven/target/classes:/Users/manuelzegarra/.m2/repository/org/springframework/boot/spring-boot-starter-web/2.5.5/spring-boot-starter-web-2.5.5.jar:/Users/manuelzegarra/.m2/repository/org/springframework/boot/spring-boot-starter/2.5.5/spring-boot-starter-2.5.5.jar:/Users/manuelzegarra/.m2/repository/org/springframework/boot/spring-boot/2.5.5/spring-boot-2.5.5.jar:/Users/manuelzegarra/.m2/repository/org/springframework/boot/spring-boot-autoconfigure/2.5.5/spring-boot-autoconfigure-2.5.5.jar:/Users/manuelzegarra/.m2/repository/org/springframework/boot/spring-boot-starter-logging/2.5.5/spring-boot-starter-logging-2.5.5.jar:/Users/manuelzegarra/.m2/repository/ch/qos/logback/logback-classic/1.2.6/logback-classic-1.2.6.jar:/Users/manuelzegarra/.m2/repository/ch/qos/logback/logback-core/1.2.6/logback-core-1.2.6.jar:/Users/manuelzegarra/.m2/repository/org/apache/logging/log4j/log4j-to-slf4j/2.14.1/log4j-to-slf4j-2.14.1.jar:/Users/manuelzegarra/.m2/repository/org/apache/logging/log4j/log4j-api/2.14.1/log4j-api-2.14.1.jar:/Users/manuelzegarra/.m2/repository/jakarta/annotation/jakarta.annotation-api/1.3.5/jakarta.annotation-api-1.3.5.jar:/Users/manuelzegarra/.m2/repository/org/yaml/snakeyaml/1.28/snakeyaml-1.28.jar:/Users/manuelzegarra/.m2/repository/org/springframework/boot/spring-boot-starter-json/2.5.5/spring-boot-starter-json-2.5.5.jar:/Users/manuelzegarra/.m2/repository/com/fasterxml/jackson/core/jackson-databind/2.12.5/jackson-databind-2.12.5.jar:/Users/manuelzegarra/.m2/repository/com/fasterxml/jackson/core/jackson-annotations/2.12.5/jackson-annotations-2.12.5.jar:/Users/manuelzegarra/.m2/repository/com/fasterxml/jackson/core/jackson-core/2.12.5/jackson-core-2.12.5.jar:/Users/manuelzegarra/.m2/repository/com/fasterxml/jackson/datatype/jackson-datatype-jdk8/2.12.5/jackson-datatype-jdk8-2.12.5.jar:/Users/manuelzegarra/.m2/repository/com/fasterxml/jackson/datatype/jackson-datatype-jsr310/2.12.5/jackson-datatype-jsr310-2.12.5.jar:/Users/manuelzegarra/.m2/repository/com/fasterxml/jackson/module/jackson-module-parameter-names/2.12.5/jackson-module-parameter-names-2.12.5.jar:/Users/manuelzegarra/.m2/repository/org/springframework/boot/spring-boot-starter-tomcat/2.5.5/spring-boot-starter-tomcat-2.5.5.jar:/Users/manuelzegarra/.m2/repository/org/apache/tomcat/embed/tomcat-embed-core/9.0.53/tomcat-embed-core-9.0.53.jar:/Users/manuelzegarra/.m2/repository/org/apache/tomcat/embed/tomcat-embed-el/9.0.53/tomcat-embed-el-9.0.53.jar:/Users/manuelzegarra/.m2/repository/org/apache/tomcat/embed/tomcat-embed-websocket/9.0.53/tomcat-embed-websocket-9.0.53.jar:/Users/manuelzegarra/.m2/repository/org/springframework/spring-web/5.3.10/spring-web-5.3.10.jar:/Users/manuelzegarra/.m2/repository/org/springframework/spring-beans/5.3.10/spring-beans-5.3.10.jar:/Users/manuelzegarra/.m2/repository/org/springframework/spring-webmvc/5.3.10/spring-webmvc-5.3.10.jar:/Users/manuelzegarra/.m2/repository/org/springframework/spring-aop/5.3.10/spring-aop-5.3.10.jar:/Users/manuelzegarra/.m2/repository/org/springframework/spring-context/5.3.10/spring-context-5.3.10.jar:/Users/manuelzegarra/.m2/repository/org/springframework/spring-expression/5.3.10/spring-expression-5.3.10.jar:/Users/manuelzegarra/.m2/repository/org/projectlombok/lombok/1.18.22/lombok-1.18.22.jar:/Users/manuelzegarra/.m2/repository/org/springframework/boot/spring-boot-starter-test/2.5.5/spring-boot-starter-test-2.5.5.jar:/Users/manuelzegarra/.m2/repository/org/springframework/boot/spring-boot-test/2.5.5/spring-boot-test-2.5.5.jar:/Users/manuelzegarra/.m2/repository/org/springframework/boot/spring-boot-test-autoconfigure/2.5.5/spring-boot-test-autoconfigure-2.5.5.jar:/Users/manuelzegarra/.m2/repository/com/jayway/jsonpath/json-path/2.5.0/json-path-2.5.0.jar:/Users/manuelzegarra/.m2/repository/net/minidev/json-smart/2.4.7/json-smart-2.4.7.jar:/Users/manuelzegarra/.m2/repository/net/minidev/accessors-smart/2.4.7/accessors-smart-2.4.7.jar:/Users/manuelzegarra/.m2/repository/org/slf4j/slf4j-api/1.7.32/slf4j-api-1.7.32.jar:/Users/manuelzegarra/.m2/repository/jakarta/xml/bind/jakarta.xml.bind-api/2.3.3/jakarta.xml.bind-api-2.3.3.jar:/Users/manuelzegarra/.m2/repository/jakarta/activation/jakarta.activation-api/1.2.2/jakarta.activation-api-1.2.2.jar:/Users/manuelzegarra/.m2/repository/org/assertj/assertj-core/3.19.0/assertj-core-3.19.0.jar:/Users/manuelzegarra/.m2/repository/org/hamcrest/hamcrest/2.2/hamcrest-2.2.jar:/Users/manuelzegarra/.m2/repository/org/junit/jupiter/junit-jupiter/5.7.2/junit-jupiter-5.7.2.jar:/Users/manuelzegarra/.m2/repository/org/junit/jupiter/junit-jupiter-api/5.7.2/junit-jupiter-api-5.7.2.jar:/Users/manuelzegarra/.m2/repository/org/apiguardian/apiguardian-api/1.1.0/apiguardian-api-1.1.0.jar:/Users/manuelzegarra/.m2/repository/org/opentest4j/opentest4j/1.2.0/opentest4j-1.2.0.jar:/Users/manuelzegarra/.m2/repository/org/junit/platform/junit-platform-commons/1.7.2/junit-platform-commons-1.7.2.jar:/Users/manuelzegarra/.m2/repository/org/junit/jupiter/junit-jupiter-params/5.7.2/junit-jupiter-params-5.7.2.jar:/Users/manuelzegarra/.m2/repository/org/junit/jupiter/junit-jupiter-engine/5.7.2/junit-jupiter-engine-5.7.2.jar:/Users/manuelzegarra/.m2/repository/org/junit/platform/junit-platform-engine/1.7.2/junit-platform-engine-1.7.2.jar:/Users/manuelzegarra/.m2/repository/org/mockito/mockito-core/3.9.0/mockito-core-3.9.0.jar:/Users/manuelzegarra/.m2/repository/net/bytebuddy/byte-buddy/1.10.22/byte-buddy-1.10.22.jar:/Users/manuelzegarra/.m2/repository/net/bytebuddy/byte-buddy-agent/1.10.22/byte-buddy-agent-1.10.22.jar:/Users/manuelzegarra/.m2/repository/org/objenesis/objenesis/3.2/objenesis-3.2.jar:/Users/manuelzegarra/.m2/repository/org/mockito/mockito-junit-jupiter/3.9.0/mockito-junit-jupiter-3.9.0.jar:/Users/manuelzegarra/.m2/repository/org/skyscreamer/jsonassert/1.5.0/jsonassert-1.5.0.jar:/Users/manuelzegarra/.m2/repository/com/vaadin/external/google/android-json/0.0.20131108.vaadin1/android-json-0.0.20131108.vaadin1.jar:/Users/manuelzegarra/.m2/repository/org/springframework/spring-core/5.3.10/spring-core-5.3.10.jar:/Users/manuelzegarra/.m2/repository/org/springframework/spring-jcl/5.3.10/spring-jcl-5.3.10.jar:/Users/manuelzegarra/.m2/repository/org/springframework/spring-test/5.3.10/spring-test-5.3.10.jar:/Users/manuelzegarra/.m2/repository/org/xmlunit/xmlunit-core/2.8.2/xmlunit-core-2.8.2.jar:/Users/manuelzegarra/.m2/repository/org/apache/maven/plugins/maven-pmd-plugin/3.14.0/maven-pmd-plugin-3.14.0.jar:/Users/manuelzegarra/.m2/repository/org/apache/maven/maven-core/3.0/maven-core-3.0.jar:/Users/manuelzegarra/.m2/repository/org/apache/maven/maven-settings/3.0/maven-settings-3.0.jar:/Users/manuelzegarra/.m2/repository/org/apache/maven/maven-settings-builder/3.0/maven-settings-builder-3.0.jar:/Users/manuelzegarra/.m2/repository/org/apache/maven/maven-repository-metadata/3.0/maven-repository-metadata-3.0.jar:/Users/manuelzegarra/.m2/repository/org/apache/maven/maven-model-builder/3.0/maven-model-builder-3.0.jar:/Users/manuelzegarra/.m2/repository/org/apache/maven/maven-aether-provider/3.0/maven-aether-provider-3.0.jar:/Users/manuelzegarra/.m2/repository/org/sonatype/aether/aether-impl/1.7/aether-impl-1.7.jar:/Users/manuelzegarra/.m2/repository/org/sonatype/aether/aether-spi/1.7/aether-spi-1.7.jar:/Users/manuelzegarra/.m2/repository/org/sonatype/aether/aether-api/1.7/aether-api-1.7.jar:/Users/manuelzegarra/.m2/repository/org/sonatype/aether/aether-util/1.7/aether-util-1.7.jar:/Users/manuelzegarra/.m2/repository/org/sonatype/sisu/sisu-inject-plexus/1.4.2/sisu-inject-plexus-1.4.2.jar:/Users/manuelzegarra/.m2/repository/org/sonatype/sisu/sisu-inject-bean/1.4.2/sisu-inject-bean-1.4.2.jar:/Users/manuelzegarra/.m2/repository/org/sonatype/sisu/sisu-guice/2.1.7/sisu-guice-2.1.7-noaop.jar:/Users/manuelzegarra/.m2/repository/org/codehaus/plexus/plexus-interpolation/1.14/plexus-interpolation-1.14.jar:/Users/manuelzegarra/.m2/repository/org/sonatype/plexus/plexus-sec-dispatcher/1.3/plexus-sec-dispatcher-1.3.jar:/Users/manuelzegarra/.m2/repository/org/sonatype/plexus/plexus-cipher/1.4/plexus-cipher-1.4.jar:/Users/manuelzegarra/.m2/repository/org/apache/maven/maven-artifact/3.0/maven-artifact-3.0.jar:/Users/manuelzegarra/.m2/repository/org/apache/maven/maven-model/3.0/maven-model-3.0.jar:/Users/manuelzegarra/.m2/repository/org/apache/maven/maven-plugin-api/3.0/maven-plugin-api-3.0.jar:/Users/manuelzegarra/.m2/repository/org/apache/maven/shared/maven-artifact-transfer/0.11.0/maven-artifact-transfer-0.11.0.jar:/Users/manuelzegarra/.m2/repository/commons-codec/commons-codec/1.15/commons-codec-1.15.jar:/Users/manuelzegarra/.m2/repository/org/apache/maven/shared/maven-common-artifact-filters/3.1.0/maven-common-artifact-filters-3.1.0.jar:/Users/manuelzegarra/.m2/repository/org/apache/commons/commons-lang3/3.12.0/commons-lang3-3.12.0.jar:/Users/manuelzegarra/.m2/repository/net/sourceforge/pmd/pmd-core/6.29.0/pmd-core-6.29.0.jar:/Users/manuelzegarra/.m2/repository/org/antlr/antlr4-runtime/4.7.2/antlr4-runtime-4.7.2.jar:/Users/manuelzegarra/.m2/repository/com/beust/jcommander/1.48/jcommander-1.48.jar:/Users/manuelzegarra/.m2/repository/net/sourceforge/saxon/saxon/9.1.0.8/saxon-9.1.0.8.jar:/Users/manuelzegarra/.m2/repository/com/google/code/gson/gson/2.8.8/gson-2.8.8.jar:/Users/manuelzegarra/.m2/repository/net/sourceforge/saxon/saxon/9.1.0.8/saxon-9.1.0.8-dom.jar:/Users/manuelzegarra/.m2/repository/net/sourceforge/pmd/pmd-java/6.29.0/pmd-java-6.29.0.jar:/Users/manuelzegarra/.m2/repository/net/sourceforge/pmd/pmd-javascript/6.29.0/pmd-javascript-6.29.0.jar:/Users/manuelzegarra/.m2/repository/org/mozilla/rhino/1.7.7.2/rhino-1.7.7.2.jar:/Users/manuelzegarra/.m2/repository/net/sourceforge/pmd/pmd-jsp/6.29.0/pmd-jsp-6.29.0.jar:/Users/manuelzegarra/.m2/repository/org/slf4j/jul-to-slf4j/1.7.32/jul-to-slf4j-1.7.32.jar:/Users/manuelzegarra/.m2/repository/org/apache/maven/doxia/doxia-sink-api/1.9.1/doxia-sink-api-1.9.1.jar:/Users/manuelzegarra/.m2/repository/org/apache/maven/doxia/doxia-logging-api/1.9.1/doxia-logging-api-1.9.1.jar:/Users/manuelzegarra/.m2/repository/org/apache/maven/doxia/doxia-decoration-model/1.9.2/doxia-decoration-model-1.9.2.jar:/Users/manuelzegarra/.m2/repository/org/apache/maven/doxia/doxia-site-renderer/1.9.2/doxia-site-renderer-1.9.2.jar:/Users/manuelzegarra/.m2/repository/org/apache/maven/doxia/doxia-core/1.9.1/doxia-core-1.9.1.jar:/Users/manuelzegarra/.m2/repository/org/apache/maven/doxia/doxia-skin-model/1.9.2/doxia-skin-model-1.9.2.jar:/Users/manuelzegarra/.m2/repository/org/apache/maven/doxia/doxia-module-xhtml/1.9.1/doxia-module-xhtml-1.9.1.jar:/Users/manuelzegarra/.m2/repository/org/apache/maven/doxia/doxia-module-xhtml5/1.9.1/doxia-module-xhtml5-1.9.1.jar:/Users/manuelzegarra/.m2/repository/org/codehaus/plexus/plexus-i18n/1.0-beta-10/plexus-i18n-1.0-beta-10.jar:/Users/manuelzegarra/.m2/repository/org/codehaus/plexus/plexus-container-default/1.0-alpha-30/plexus-container-default-1.0-alpha-30.jar:/Users/manuelzegarra/.m2/repository/junit/junit/4.13.2/junit-4.13.2.jar:/Users/manuelzegarra/.m2/repository/org/hamcrest/hamcrest-core/2.2/hamcrest-core-2.2.jar:/Users/manuelzegarra/.m2/repository/org/codehaus/plexus/plexus-velocity/1.2/plexus-velocity-1.2.jar:/Users/manuelzegarra/.m2/repository/org/apache/velocity/velocity/1.7/velocity-1.7.jar:/Users/manuelzegarra/.m2/repository/commons-lang/commons-lang/2.4/commons-lang-2.4.jar:/Users/manuelzegarra/.m2/repository/org/apache/velocity/velocity-tools/2.0/velocity-tools-2.0.jar:/Users/manuelzegarra/.m2/repository/commons-beanutils/commons-beanutils/1.7.0/commons-beanutils-1.7.0.jar:/Users/manuelzegarra/.m2/repository/commons-digester/commons-digester/1.8/commons-digester-1.8.jar:/Users/manuelzegarra/.m2/repository/commons-chain/commons-chain/1.1/commons-chain-1.1.jar:/Users/manuelzegarra/.m2/repository/commons-logging/commons-logging/1.1/commons-logging-1.1.jar:/Users/manuelzegarra/.m2/repository/dom4j/dom4j/1.1/dom4j-1.1.jar:/Users/manuelzegarra/.m2/repository/oro/oro/2.0.8/oro-2.0.8.jar:/Users/manuelzegarra/.m2/repository/commons-collections/commons-collections/3.2.2/commons-collections-3.2.2.jar:/Users/manuelzegarra/.m2/repository/org/apache/maven/reporting/maven-reporting-api/3.0/maven-reporting-api-3.0.jar:/Users/manuelzegarra/.m2/repository/org/apache/maven/reporting/maven-reporting-impl/3.0.0/maven-reporting-impl-3.0.0.jar:/Users/manuelzegarra/.m2/repository/org/apache/maven/shared/maven-shared-utils/3.2.1/maven-shared-utils-3.2.1.jar:/Users/manuelzegarra/.m2/repository/org/codehaus/plexus/plexus-resources/1.1.0/plexus-resources-1.1.0.jar:/Users/manuelzegarra/.m2/repository/org/codehaus/plexus/plexus-utils/3.3.0/plexus-utils-3.3.0.jar:/Users/manuelzegarra/.m2/repository/org/apache/httpcomponents/httpclient/4.5.13/httpclient-4.5.13.jar:/Users/manuelzegarra/.m2/repository/org/apache/httpcomponents/httpcore/4.4.14/httpcore-4.4.14.jar:/Users/manuelzegarra/.m2/repository/commons-io/commons-io/2.5/commons-io-2.5.jar:/Users/manuelzegarra/.m2/repository/org/eclipse/sisu/org.eclipse.sisu.plexus/0.3.5/org.eclipse.sisu.plexus-0.3.5.jar:/Users/manuelzegarra/.m2/repository/javax/annotation/javax.annotation-api/1.3.2/javax.annotation-api-1.3.2.jar:/Users/manuelzegarra/.m2/repository/javax/enterprise/cdi-api/1.2/cdi-api-1.2.jar:/Users/manuelzegarra/.m2/repository/javax/inject/javax.inject/1/javax.inject-1.jar:/Users/manuelzegarra/.m2/repository/org/eclipse/sisu/org.eclipse.sisu.inject/0.3.5/org.eclipse.sisu.inject-0.3.5.jar:/Users/manuelzegarra/.m2/repository/org/codehaus/plexus/plexus-component-annotations/1.5.5/plexus-component-annotations-1.5.5.jar:/Users/manuelzegarra/.m2/repository/org/codehaus/plexus/plexus-classworlds/2.5.2/plexus-classworlds-2.5.2.jar:/Users/manuelzegarra/.m2/repository/org/ow2/asm/asm/9.2/asm-9.2.jar:/Users/manuelzegarra/.m2/repository/net/jcip/jcip-annotations/1.0/jcip-annotations-1.0.jar:/Users/manuelzegarra/.m2/repository/com/github/spotbugs/spotbugs-annotations/3.1.3/spotbugs-annotations-3.1.3.jar:/Users/manuelzegarra/.m2/repository/com/google/code/findbugs/jsr305/3.0.2/jsr305-3.0.2.jar:"/>
    <property name="java.vm.vendor" value="Oracle Corporation"/>
    <property name="sun.arch.data.model" value="64"/>
    <property name="java.vendor.url" value="https://openjdk.java.net/"/>
    <property name="os.name" value="Mac OS X"/>
    <property name="java.vm.specification.version" value="15"/>
    <property name="sun.java.launcher" value="SUN_STANDARD"/>
    <property name="user.country" value="PE"/>
    <property name="sun.boot.library.path" value="/usr/local/Cellar/openjdk/15.0.2/libexec/openjdk.jdk/Contents/Home/lib"/>
    <property name="sun.java.command" value="/Users/manuelzegarra/Proyectos/Galaxy/Talleres/Labs/labmaven/target/surefire/surefirebooter9745770011594283477.jar /Users/manuelzegarra/Proyectos/Galaxy/Talleres/Labs/labmaven/target/surefire 2021-11-01T09-47-54_512-jvmRun1 surefire2832091549111442662tmp surefire_016974658995169985497tmp"/>
    <property name="http.nonProxyHosts" value="local|*.local|169.254/16|*.169.254/16"/>
    <property name="jdk.debug" value="release"/>
    <property name="surefire.test.class.path" value="/Users/manuelzegarra/Proyectos/Galaxy/Talleres/Labs/labmaven/target/test-classes:/Users/manuelzegarra/Proyectos/Galaxy/Talleres/Labs/labmaven/target/classes:/Users/manuelzegarra/.m2/repository/org/springframework/boot/spring-boot-starter-web/2.5.5/spring-boot-starter-web-2.5.5.jar:/Users/manuelzegarra/.m2/repository/org/springframework/boot/spring-boot-starter/2.5.5/spring-boot-starter-2.5.5.jar:/Users/manuelzegarra/.m2/repository/org/springframework/boot/spring-boot/2.5.5/spring-boot-2.5.5.jar:/Users/manuelzegarra/.m2/repository/org/springframework/boot/spring-boot-autoconfigure/2.5.5/spring-boot-autoconfigure-2.5.5.jar:/Users/manuelzegarra/.m2/repository/org/springframework/boot/spring-boot-starter-logging/2.5.5/spring-boot-starter-logging-2.5.5.jar:/Users/manuelzegarra/.m2/repository/ch/qos/logback/logback-classic/1.2.6/logback-classic-1.2.6.jar:/Users/manuelzegarra/.m2/repository/ch/qos/logback/logback-core/1.2.6/logback-core-1.2.6.jar:/Users/manuelzegarra/.m2/repository/org/apache/logging/log4j/log4j-to-slf4j/2.14.1/log4j-to-slf4j-2.14.1.jar:/Users/manuelzegarra/.m2/repository/org/apache/logging/log4j/log4j-api/2.14.1/log4j-api-2.14.1.jar:/Users/manuelzegarra/.m2/repository/jakarta/annotation/jakarta.annotation-api/1.3.5/jakarta.annotation-api-1.3.5.jar:/Users/manuelzegarra/.m2/repository/org/yaml/snakeyaml/1.28/snakeyaml-1.28.jar:/Users/manuelzegarra/.m2/repository/org/springframework/boot/spring-boot-starter-json/2.5.5/spring-boot-starter-json-2.5.5.jar:/Users/manuelzegarra/.m2/repository/com/fasterxml/jackson/core/jackson-databind/2.12.5/jackson-databind-2.12.5.jar:/Users/manuelzegarra/.m2/repository/com/fasterxml/jackson/core/jackson-annotations/2.12.5/jackson-annotations-2.12.5.jar:/Users/manuelzegarra/.m2/repository/com/fasterxml/jackson/core/jackson-core/2.12.5/jackson-core-2.12.5.jar:/Users/manuelzegarra/.m2/repository/com/fasterxml/jackson/datatype/jackson-datatype-jdk8/2.12.5/jackson-datatype-jdk8-2.12.5.jar:/Users/manuelzegarra/.m2/repository/com/fasterxml/jackson/datatype/jackson-datatype-jsr310/2.12.5/jackson-datatype-jsr310-2.12.5.jar:/Users/manuelzegarra/.m2/repository/com/fasterxml/jackson/module/jackson-module-parameter-names/2.12.5/jackson-module-parameter-names-2.12.5.jar:/Users/manuelzegarra/.m2/repository/org/springframework/boot/spring-boot-starter-tomcat/2.5.5/spring-boot-starter-tomcat-2.5.5.jar:/Users/manuelzegarra/.m2/repository/org/apache/tomcat/embed/tomcat-embed-core/9.0.53/tomcat-embed-core-9.0.53.jar:/Users/manuelzegarra/.m2/repository/org/apache/tomcat/embed/tomcat-embed-el/9.0.53/tomcat-embed-el-9.0.53.jar:/Users/manuelzegarra/.m2/repository/org/apache/tomcat/embed/tomcat-embed-websocket/9.0.53/tomcat-embed-websocket-9.0.53.jar:/Users/manuelzegarra/.m2/repository/org/springframework/spring-web/5.3.10/spring-web-5.3.10.jar:/Users/manuelzegarra/.m2/repository/org/springframework/spring-beans/5.3.10/spring-beans-5.3.10.jar:/Users/manuelzegarra/.m2/repository/org/springframework/spring-webmvc/5.3.10/spring-webmvc-5.3.10.jar:/Users/manuelzegarra/.m2/repository/org/springframework/spring-aop/5.3.10/spring-aop-5.3.10.jar:/Users/manuelzegarra/.m2/repository/org/springframework/spring-context/5.3.10/spring-context-5.3.10.jar:/Users/manuelzegarra/.m2/repository/org/springframework/spring-expression/5.3.10/spring-expression-5.3.10.jar:/Users/manuelzegarra/.m2/repository/org/projectlombok/lombok/1.18.22/lombok-1.18.22.jar:/Users/manuelzegarra/.m2/repository/org/springframework/boot/spring-boot-starter-test/2.5.5/spring-boot-starter-test-2.5.5.jar:/Users/manuelzegarra/.m2/repository/org/springframework/boot/spring-boot-test/2.5.5/spring-boot-test-2.5.5.jar:/Users/manuelzegarra/.m2/repository/org/springframework/boot/spring-boot-test-autoconfigure/2.5.5/spring-boot-test-autoconfigure-2.5.5.jar:/Users/manuelzegarra/.m2/repository/com/jayway/jsonpath/json-path/2.5.0/json-path-2.5.0.jar:/Users/manuelzegarra/.m2/repository/net/minidev/json-smart/2.4.7/json-smart-2.4.7.jar:/Users/manuelzegarra/.m2/repository/net/minidev/accessors-smart/2.4.7/accessors-smart-2.4.7.jar:/Users/manuelzegarra/.m2/repository/org/slf4j/slf4j-api/1.7.32/slf4j-api-1.7.32.jar:/Users/manuelzegarra/.m2/repository/jakarta/xml/bind/jakarta.xml.bind-api/2.3.3/jakarta.xml.bind-api-2.3.3.jar:/Users/manuelzegarra/.m2/repository/jakarta/activation/jakarta.activation-api/1.2.2/jakarta.activation-api-1.2.2.jar:/Users/manuelzegarra/.m2/repository/org/assertj/assertj-core/3.19.0/assertj-core-3.19.0.jar:/Users/manuelzegarra/.m2/repository/org/hamcrest/hamcrest/2.2/hamcrest-2.2.jar:/Users/manuelzegarra/.m2/repository/org/junit/jupiter/junit-jupiter/5.7.2/junit-jupiter-5.7.2.jar:/Users/manuelzegarra/.m2/repository/org/junit/jupiter/junit-jupiter-api/5.7.2/junit-jupiter-api-5.7.2.jar:/Users/manuelzegarra/.m2/repository/org/apiguardian/apiguardian-api/1.1.0/apiguardian-api-1.1.0.jar:/Users/manuelzegarra/.m2/repository/org/opentest4j/opentest4j/1.2.0/opentest4j-1.2.0.jar:/Users/manuelzegarra/.m2/repository/org/junit/platform/junit-platform-commons/1.7.2/junit-platform-commons-1.7.2.jar:/Users/manuelzegarra/.m2/repository/org/junit/jupiter/junit-jupiter-params/5.7.2/junit-jupiter-params-5.7.2.jar:/Users/manuelzegarra/.m2/repository/org/junit/jupiter/junit-jupiter-engine/5.7.2/junit-jupiter-engine-5.7.2.jar:/Users/manuelzegarra/.m2/repository/org/junit/platform/junit-platform-engine/1.7.2/junit-platform-engine-1.7.2.jar:/Users/manuelzegarra/.m2/repository/org/mockito/mockito-core/3.9.0/mockito-core-3.9.0.jar:/Users/manuelzegarra/.m2/repository/net/bytebuddy/byte-buddy/1.10.22/byte-buddy-1.10.22.jar:/Users/manuelzegarra/.m2/repository/net/bytebuddy/byte-buddy-agent/1.10.22/byte-buddy-agent-1.10.22.jar:/Users/manuelzegarra/.m2/repository/org/objenesis/objenesis/3.2/objenesis-3.2.jar:/Users/manuelzegarra/.m2/repository/org/mockito/mockito-junit-jupiter/3.9.0/mockito-junit-jupiter-3.9.0.jar:/Users/manuelzegarra/.m2/repository/org/skyscreamer/jsonassert/1.5.0/jsonassert-1.5.0.jar:/Users/manuelzegarra/.m2/repository/com/vaadin/external/google/android-json/0.0.20131108.vaadin1/android-json-0.0.20131108.vaadin1.jar:/Users/manuelzegarra/.m2/repository/org/springframework/spring-core/5.3.10/spring-core-5.3.10.jar:/Users/manuelzegarra/.m2/repository/org/springframework/spring-jcl/5.3.10/spring-jcl-5.3.10.jar:/Users/manuelzegarra/.m2/repository/org/springframework/spring-test/5.3.10/spring-test-5.3.10.jar:/Users/manuelzegarra/.m2/repository/org/xmlunit/xmlunit-core/2.8.2/xmlunit-core-2.8.2.jar:/Users/manuelzegarra/.m2/repository/org/apache/maven/plugins/maven-pmd-plugin/3.14.0/maven-pmd-plugin-3.14.0.jar:/Users/manuelzegarra/.m2/repository/org/apache/maven/maven-core/3.0/maven-core-3.0.jar:/Users/manuelzegarra/.m2/repository/org/apache/maven/maven-settings/3.0/maven-settings-3.0.jar:/Users/manuelzegarra/.m2/repository/org/apache/maven/maven-settings-builder/3.0/maven-settings-builder-3.0.jar:/Users/manuelzegarra/.m2/repository/org/apache/maven/maven-repository-metadata/3.0/maven-repository-metadata-3.0.jar:/Users/manuelzegarra/.m2/repository/org/apache/maven/maven-model-builder/3.0/maven-model-builder-3.0.jar:/Users/manuelzegarra/.m2/repository/org/apache/maven/maven-aether-provider/3.0/maven-aether-provider-3.0.jar:/Users/manuelzegarra/.m2/repository/org/sonatype/aether/aether-impl/1.7/aether-impl-1.7.jar:/Users/manuelzegarra/.m2/repository/org/sonatype/aether/aether-spi/1.7/aether-spi-1.7.jar:/Users/manuelzegarra/.m2/repository/org/sonatype/aether/aether-api/1.7/aether-api-1.7.jar:/Users/manuelzegarra/.m2/repository/org/sonatype/aether/aether-util/1.7/aether-util-1.7.jar:/Users/manuelzegarra/.m2/repository/org/sonatype/sisu/sisu-inject-plexus/1.4.2/sisu-inject-plexus-1.4.2.jar:/Users/manuelzegarra/.m2/repository/org/sonatype/sisu/sisu-inject-bean/1.4.2/sisu-inject-bean-1.4.2.jar:/Users/manuelzegarra/.m2/repository/org/sonatype/sisu/sisu-guice/2.1.7/sisu-guice-2.1.7-noaop.jar:/Users/manuelzegarra/.m2/repository/org/codehaus/plexus/plexus-interpolation/1.14/plexus-interpolation-1.14.jar:/Users/manuelzegarra/.m2/repository/org/sonatype/plexus/plexus-sec-dispatcher/1.3/plexus-sec-dispatcher-1.3.jar:/Users/manuelzegarra/.m2/repository/org/sonatype/plexus/plexus-cipher/1.4/plexus-cipher-1.4.jar:/Users/manuelzegarra/.m2/repository/org/apache/maven/maven-artifact/3.0/maven-artifact-3.0.jar:/Users/manuelzegarra/.m2/repository/org/apache/maven/maven-model/3.0/maven-model-3.0.jar:/Users/manuelzegarra/.m2/repository/org/apache/maven/maven-plugin-api/3.0/maven-plugin-api-3.0.jar:/Users/manuelzegarra/.m2/repository/org/apache/maven/shared/maven-artifact-transfer/0.11.0/maven-artifact-transfer-0.11.0.jar:/Users/manuelzegarra/.m2/repository/commons-codec/commons-codec/1.15/commons-codec-1.15.jar:/Users/manuelzegarra/.m2/repository/org/apache/maven/shared/maven-common-artifact-filters/3.1.0/maven-common-artifact-filters-3.1.0.jar:/Users/manuelzegarra/.m2/repository/org/apache/commons/commons-lang3/3.12.0/commons-lang3-3.12.0.jar:/Users/manuelzegarra/.m2/repository/net/sourceforge/pmd/pmd-core/6.29.0/pmd-core-6.29.0.jar:/Users/manuelzegarra/.m2/repository/org/antlr/antlr4-runtime/4.7.2/antlr4-runtime-4.7.2.jar:/Users/manuelzegarra/.m2/repository/com/beust/jcommander/1.48/jcommander-1.48.jar:/Users/manuelzegarra/.m2/repository/net/sourceforge/saxon/saxon/9.1.0.8/saxon-9.1.0.8.jar:/Users/manuelzegarra/.m2/repository/com/google/code/gson/gson/2.8.8/gson-2.8.8.jar:/Users/manuelzegarra/.m2/repository/net/sourceforge/saxon/saxon/9.1.0.8/saxon-9.1.0.8-dom.jar:/Users/manuelzegarra/.m2/repository/net/sourceforge/pmd/pmd-java/6.29.0/pmd-java-6.29.0.jar:/Users/manuelzegarra/.m2/repository/net/sourceforge/pmd/pmd-javascript/6.29.0/pmd-javascript-6.29.0.jar:/Users/manuelzegarra/.m2/repository/org/mozilla/rhino/1.7.7.2/rhino-1.7.7.2.jar:/Users/manuelzegarra/.m2/repository/net/sourceforge/pmd/pmd-jsp/6.29.0/pmd-jsp-6.29.0.jar:/Users/manuelzegarra/.m2/repository/org/slf4j/jul-to-slf4j/1.7.32/jul-to-slf4j-1.7.32.jar:/Users/manuelzegarra/.m2/repository/org/apache/maven/doxia/doxia-sink-api/1.9.1/doxia-sink-api-1.9.1.jar:/Users/manuelzegarra/.m2/repository/org/apache/maven/doxia/doxia-logging-api/1.9.1/doxia-logging-api-1.9.1.jar:/Users/manuelzegarra/.m2/repository/org/apache/maven/doxia/doxia-decoration-model/1.9.2/doxia-decoration-model-1.9.2.jar:/Users/manuelzegarra/.m2/repository/org/apache/maven/doxia/doxia-site-renderer/1.9.2/doxia-site-renderer-1.9.2.jar:/Users/manuelzegarra/.m2/repository/org/apache/maven/doxia/doxia-core/1.9.1/doxia-core-1.9.1.jar:/Users/manuelzegarra/.m2/repository/org/apache/maven/doxia/doxia-skin-model/1.9.2/doxia-skin-model-1.9.2.jar:/Users/manuelzegarra/.m2/repository/org/apache/maven/doxia/doxia-module-xhtml/1.9.1/doxia-module-xhtml-1.9.1.jar:/Users/manuelzegarra/.m2/repository/org/apache/maven/doxia/doxia-module-xhtml5/1.9.1/doxia-module-xhtml5-1.9.1.jar:/Users/manuelzegarra/.m2/repository/org/codehaus/plexus/plexus-i18n/1.0-beta-10/plexus-i18n-1.0-beta-10.jar:/Users/manuelzegarra/.m2/repository/org/codehaus/plexus/plexus-container-default/1.0-alpha-30/plexus-container-default-1.0-alpha-30.jar:/Users/manuelzegarra/.m2/repository/junit/junit/4.13.2/junit-4.13.2.jar:/Users/manuelzegarra/.m2/repository/org/hamcrest/hamcrest-core/2.2/hamcrest-core-2.2.jar:/Users/manuelzegarra/.m2/repository/org/codehaus/plexus/plexus-velocity/1.2/plexus-velocity-1.2.jar:/Users/manuelzegarra/.m2/repository/org/apache/velocity/velocity/1.7/velocity-1.7.jar:/Users/manuelzegarra/.m2/repository/commons-lang/commons-lang/2.4/commons-lang-2.4.jar:/Users/manuelzegarra/.m2/repository/org/apache/velocity/velocity-tools/2.0/velocity-tools-2.0.jar:/Users/manuelzegarra/.m2/repository/commons-beanutils/commons-beanutils/1.7.0/commons-beanutils-1.7.0.jar:/Users/manuelzegarra/.m2/repository/commons-digester/commons-digester/1.8/commons-digester-1.8.jar:/Users/manuelzegarra/.m2/repository/commons-chain/commons-chain/1.1/commons-chain-1.1.jar:/Users/manuelzegarra/.m2/repository/commons-logging/commons-logging/1.1/commons-logging-1.1.jar:/Users/manuelzegarra/.m2/repository/dom4j/dom4j/1.1/dom4j-1.1.jar:/Users/manuelzegarra/.m2/repository/oro/oro/2.0.8/oro-2.0.8.jar:/Users/manuelzegarra/.m2/repository/commons-collections/commons-collections/3.2.2/commons-collections-3.2.2.jar:/Users/manuelzegarra/.m2/repository/org/apache/maven/reporting/maven-reporting-api/3.0/maven-reporting-api-3.0.jar:/Users/manuelzegarra/.m2/repository/org/apache/maven/reporting/maven-reporting-impl/3.0.0/maven-reporting-impl-3.0.0.jar:/Users/manuelzegarra/.m2/repository/org/apache/maven/shared/maven-shared-utils/3.2.1/maven-shared-utils-3.2.1.jar:/Users/manuelzegarra/.m2/repository/org/codehaus/plexus/plexus-resources/1.1.0/plexus-resources-1.1.0.jar:/Users/manuelzegarra/.m2/repository/org/codehaus/plexus/plexus-utils/3.3.0/plexus-utils-3.3.0.jar:/Users/manuelzegarra/.m2/repository/org/apache/httpcomponents/httpclient/4.5.13/httpclient-4.5.13.jar:/Users/manuelzegarra/.m2/repository/org/apache/httpcomponents/httpcore/4.4.14/httpcore-4.4.14.jar:/Users/manuelzegarra/.m2/repository/commons-io/commons-io/2.5/commons-io-2.5.jar:/Users/manuelzegarra/.m2/repository/org/eclipse/sisu/org.eclipse.sisu.plexus/0.3.5/org.eclipse.sisu.plexus-0.3.5.jar:/Users/manuelzegarra/.m2/repository/javax/annotation/javax.annotation-api/1.3.2/javax.annotation-api-1.3.2.jar:/Users/manuelzegarra/.m2/repository/javax/enterprise/cdi-api/1.2/cdi-api-1.2.jar:/Users/manuelzegarra/.m2/repository/javax/inject/javax.inject/1/javax.inject-1.jar:/Users/manuelzegarra/.m2/repository/org/eclipse/sisu/org.eclipse.sisu.inject/0.3.5/org.eclipse.sisu.inject-0.3.5.jar:/Users/manuelzegarra/.m2/repository/org/codehaus/plexus/plexus-component-annotations/1.5.5/plexus-component-annotations-1.5.5.jar:/Users/manuelzegarra/.m2/repository/org/codehaus/plexus/plexus-classworlds/2.5.2/plexus-classworlds-2.5.2.jar:/Users/manuelzegarra/.m2/repository/org/ow2/asm/asm/9.2/asm-9.2.jar:/Users/manuelzegarra/.m2/repository/net/jcip/jcip-annotations/1.0/jcip-annotations-1.0.jar:/Users/manuelzegarra/.m2/repository/com/github/spotbugs/spotbugs-annotations/3.1.3/spotbugs-annotations-3.1.3.jar:/Users/manuelzegarra/.m2/repository/com/google/code/findbugs/jsr305/3.0.2/jsr305-3.0.2.jar:"/>
    <property name="sun.cpu.endian" value="little"/>
    <property name="user.home" value="/Users/manuelzegarra"/>
    <property name="user.language" value="en"/>
    <property name="java.specification.vendor" value="Oracle Corporation"/>
    <property name="java.version.date" value="2021-01-19"/>
    <property name="java.home" value="/usr/local/Cellar/openjdk/15.0.2/libexec/openjdk.jdk/Contents/Home"/>
    <property name="file.separator" value="/"/>
    <property name="basedir" value="/Users/manuelzegarra/Proyectos/Galaxy/Talleres/Labs/labmaven"/>
    <property name="java.vm.compressedOopsMode" value="Zero based"/>
    <property name="line.separator" value="&#10;"/>
    <property name="java.specification.name" value="Java Platform API Specification"/>
    <property name="java.vm.specification.vendor" value="Oracle Corporation"/>
    <property name="surefire.real.class.path" value="/Users/manuelzegarra/Proyectos/Galaxy/Talleres/Labs/labmaven/target/surefire/surefirebooter9745770011594283477.jar"/>
    <property name="sun.management.compiler" value="HotSpot 64-Bit Tiered Compilers"/>
    <property name="ftp.nonProxyHosts" value="local|*.local|169.254/16|*.169.254/16"/>
    <property name="java.runtime.version" value="15.0.2+7"/>
    <property name="user.name" value="manuelzegarra"/>
    <property name="path.separator" value=":"/>
    <property name="os.version" value="12.0.1"/>
    <property name="java.runtime.name" value="OpenJDK Runtime Environment"/>
    <property name="file.encoding" value="UTF-8"/>
    <property name="java.vm.name" value="OpenJDK 64-Bit Server VM"/>
    <property name="localRepository" value="/Users/manuelzegarra/.m2/repository"/>
    <property name="java.vendor.url.bug" value="https://bugreport.java.com/bugreport/"/>
    <property name="java.io.tmpdir" value="/var/folders/zx/q1z3wh7s4nng_r_z3243mftr0000gn/T/"/>
    <property name="java.version" value="15.0.2"/>
    <property name="user.dir" value="/Users/manuelzegarra/Proyectos/Galaxy/Talleres/Labs/labmaven"/>
    <property name="os.arch" value="x86_64"/>
    <property name="java.vm.specification.name" value="Java Virtual Machine Specification"/>
    <property name="java.library.path" value="/Users/manuelzegarra/Library/Java/Extensions:/Library/Java/Extensions:/Network/Library/Java/Extensions:/System/Library/Java/Extensions:/usr/lib/java:."/>
    <property name="java.vm.info" value="mixed mode, sharing"/>
    <property name="java.vendor" value="N/A"/>
    <property name="java.vm.version" value="15.0.2+7"/>
    <property name="sun.io.unicode.encoding" value="UnicodeBig"/>
    <property name="socksNonProxyHosts" value="local|*.local|169.254/16|*.169.254/16"/>
    <property name="java.class.version" value="59.0"/>
  </properties>
  <testcase name="getById" classname="cloud.csonic.labmaven.api.CustomerControllerTest" time="0.221"/>
  <testcase name="listAll" classname="cloud.csonic.labmaven.api.CustomerControllerTest" time="0.03"/>
</testsuite>